
---Translation started---

size1
podilizer-experiments/javacode/buttons/Buttons.java exists
deleted podilizer-experiments/javacode/buttons/Buttons.java

---Translation finished in 00 min, 00.189 sec---


---Building started.---

[INFO] Scanning for projects...
[INFO]                                                                         
[INFO] ------------------------------------------------------------------------
[INFO] Building lambda-java-example 1.0-SNAPSHOT
[INFO] ------------------------------------------------------------------------
[INFO] 
[INFO] --- maven-clean-plugin:2.5:clean (default-clean) @ lambda-java-example ---
[INFO] 
[INFO] --- maven-resources-plugin:2.6:resources (default-resources) @ lambda-java-example ---
[WARNING] Using platform encoding (UTF-8 actually) to copy filtered resources, i.e. build is platform dependent!
[INFO] skip non existing resourceDirectory podilizer-experiments/results/translated-buttons/LambdaProjects/unpackaged/Buttons/showwindow/src/main/resources
[INFO] 
[INFO] --- maven-compiler-plugin:3.2:compile (default-compile) @ lambda-java-example ---
[INFO] Changes detected - recompiling the module!
[WARNING] File encoding has not been set, using platform encoding UTF-8, i.e. build is platform dependent!
[INFO] Compiling 11 source files to podilizer-experiments/results/translated-buttons/LambdaProjects/unpackaged/Buttons/showwindow/target/classes
[INFO] 
[INFO] --- maven-resources-plugin:2.6:testResources (default-testResources) @ lambda-java-example ---
[WARNING] Using platform encoding (UTF-8 actually) to copy filtered resources, i.e. build is platform dependent!
[INFO] skip non existing resourceDirectory podilizer-experiments/results/translated-buttons/LambdaProjects/unpackaged/Buttons/showwindow/src/test/resources
[INFO] 
[INFO] --- maven-compiler-plugin:3.2:testCompile (default-testCompile) @ lambda-java-example ---
[INFO] No sources to compile
[INFO] 
[INFO] --- maven-surefire-plugin:2.17:test (default-test) @ lambda-java-example ---
[INFO] No tests to run.
[INFO] 
[INFO] --- maven-jar-plugin:2.4:jar (default-jar) @ lambda-java-example ---
[INFO] Building jar: podilizer-experiments/results/translated-buttons/LambdaProjects/unpackaged/Buttons/showwindow/target/lambda-java-example-1.0-SNAPSHOT.jar
[INFO] 
[INFO] --- maven-shade-plugin:2.3:shade (default) @ lambda-java-example ---
[INFO] Including com.amazonaws:aws-lambda-java-core:jar:1.1.0 in the shaded jar.
[INFO] Including com.amazonaws:aws-java-sdk-lambda:jar:1.11.60 in the shaded jar.
[INFO] Including com.amazonaws:aws-java-sdk-core:jar:1.11.60 in the shaded jar.
[INFO] Including commons-logging:commons-logging:jar:1.1.3 in the shaded jar.
[INFO] Including org.apache.httpcomponents:httpclient:jar:4.5.2 in the shaded jar.
[INFO] Including org.apache.httpcomponents:httpcore:jar:4.4.4 in the shaded jar.
[INFO] Including commons-codec:commons-codec:jar:1.9 in the shaded jar.
[INFO] Including software.amazon.ion:ion-java:jar:1.0.1 in the shaded jar.
[INFO] Including com.fasterxml.jackson.core:jackson-databind:jar:2.6.6 in the shaded jar.
[INFO] Including com.fasterxml.jackson.core:jackson-core:jar:2.6.6 in the shaded jar.
[INFO] Including com.fasterxml.jackson.dataformat:jackson-dataformat-cbor:jar:2.6.6 in the shaded jar.
[INFO] Including joda-time:joda-time:jar:2.8.1 in the shaded jar.
[INFO] Including com.amazonaws:jmespath-java:jar:1.11.60 in the shaded jar.
[INFO] Including com.google.code.javaparser:javaparser:jar:1.0.11 in the shaded jar.
[INFO] Including org.jyaml:jyaml:jar:1.3 in the shaded jar.
[INFO] Including org.aspectj:aspectjrt:jar:1.8.2 in the shaded jar.
[INFO] Including org.apache.maven.shared:maven-invoker:jar:2.1.1 in the shaded jar.
[INFO] Including org.codehaus.plexus:plexus-component-annotations:jar:1.5.5 in the shaded jar.
[INFO] Including org.codehaus.plexus:plexus-utils:jar:2.0.5 in the shaded jar.
[INFO] Including com.googlecode.json-simple:json-simple:jar:1.1 in the shaded jar.
[INFO] Including com.fasterxml.jackson.core:jackson-annotations:jar:2.8.5 in the shaded jar.
[INFO] Replacing original artifact with shaded artifact.
[INFO] Replacing podilizer-experiments/results/translated-buttons/LambdaProjects/unpackaged/Buttons/showwindow/target/lambda-java-example-1.0-SNAPSHOT-shaded.jar
[INFO] 
[INFO] --- maven-install-plugin:2.5.2:install (default-install) @ lambda-java-example ---
[INFO] Installing podilizer-experiments/results/translated-buttons/LambdaProjects/unpackaged/Buttons/showwindow/target/lambda-java-example-1.0-SNAPSHOT.jar to .m2/repository/doc-examples/lambda-java-example/1.0-SNAPSHOT/lambda-java-example-1.0-SNAPSHOT.jar
[INFO] Installing podilizer-experiments/results/translated-buttons/LambdaProjects/unpackaged/Buttons/showwindow/pom.xml to .m2/repository/doc-examples/lambda-java-example/1.0-SNAPSHOT/lambda-java-example-1.0-SNAPSHOT.pom
[INFO] ------------------------------------------------------------------------
[INFO] BUILD SUCCESS
[INFO] ------------------------------------------------------------------------
[INFO] Total time: 2.141 s
[INFO] Finished at: 2017-01-23T17:09:35+01:00
[INFO] Final Memory: 22M/299M
[INFO] ------------------------------------------------------------------------
[INFO] Scanning for projects...
[INFO]                                                                         
[INFO] ------------------------------------------------------------------------
[INFO] Building lambda-java-example 1.0-SNAPSHOT
[INFO] ------------------------------------------------------------------------
[INFO] 
[INFO] --- maven-clean-plugin:2.5:clean (default-clean) @ lambda-java-example ---
[INFO] 
[INFO] --- maven-resources-plugin:2.6:resources (default-resources) @ lambda-java-example ---
[WARNING] Using platform encoding (UTF-8 actually) to copy filtered resources, i.e. build is platform dependent!
[INFO] skip non existing resourceDirectory podilizer-experiments/results/translated-buttons/LambdaProjects/unpackaged/Buttons/actionPerformed1/src/main/resources
[INFO] 
[INFO] --- maven-compiler-plugin:3.2:compile (default-compile) @ lambda-java-example ---
[INFO] Changes detected - recompiling the module!
[WARNING] File encoding has not been set, using platform encoding UTF-8, i.e. build is platform dependent!
[INFO] Compiling 11 source files to podilizer-experiments/results/translated-buttons/LambdaProjects/unpackaged/Buttons/actionPerformed1/target/classes
[INFO] 
[INFO] --- maven-resources-plugin:2.6:testResources (default-testResources) @ lambda-java-example ---
[WARNING] Using platform encoding (UTF-8 actually) to copy filtered resources, i.e. build is platform dependent!
[INFO] skip non existing resourceDirectory podilizer-experiments/results/translated-buttons/LambdaProjects/unpackaged/Buttons/actionPerformed1/src/test/resources
[INFO] 
[INFO] --- maven-compiler-plugin:3.2:testCompile (default-testCompile) @ lambda-java-example ---
[INFO] No sources to compile
[INFO] 
[INFO] --- maven-surefire-plugin:2.17:test (default-test) @ lambda-java-example ---
[INFO] No tests to run.
[INFO] 
[INFO] --- maven-jar-plugin:2.4:jar (default-jar) @ lambda-java-example ---
[INFO] Building jar: podilizer-experiments/results/translated-buttons/LambdaProjects/unpackaged/Buttons/actionPerformed1/target/lambda-java-example-1.0-SNAPSHOT.jar
[INFO] 
[INFO] --- maven-shade-plugin:2.3:shade (default) @ lambda-java-example ---
[INFO] Including com.amazonaws:aws-lambda-java-core:jar:1.1.0 in the shaded jar.
[INFO] Including com.amazonaws:aws-java-sdk-lambda:jar:1.11.60 in the shaded jar.
[INFO] Including com.amazonaws:aws-java-sdk-core:jar:1.11.60 in the shaded jar.
[INFO] Including commons-logging:commons-logging:jar:1.1.3 in the shaded jar.
[INFO] Including org.apache.httpcomponents:httpclient:jar:4.5.2 in the shaded jar.
[INFO] Including org.apache.httpcomponents:httpcore:jar:4.4.4 in the shaded jar.
[INFO] Including commons-codec:commons-codec:jar:1.9 in the shaded jar.
[INFO] Including software.amazon.ion:ion-java:jar:1.0.1 in the shaded jar.
[INFO] Including com.fasterxml.jackson.core:jackson-databind:jar:2.6.6 in the shaded jar.
[INFO] Including com.fasterxml.jackson.core:jackson-core:jar:2.6.6 in the shaded jar.
[INFO] Including com.fasterxml.jackson.dataformat:jackson-dataformat-cbor:jar:2.6.6 in the shaded jar.
[INFO] Including joda-time:joda-time:jar:2.8.1 in the shaded jar.
[INFO] Including com.amazonaws:jmespath-java:jar:1.11.60 in the shaded jar.
[INFO] Including com.google.code.javaparser:javaparser:jar:1.0.11 in the shaded jar.
[INFO] Including org.jyaml:jyaml:jar:1.3 in the shaded jar.
[INFO] Including org.aspectj:aspectjrt:jar:1.8.2 in the shaded jar.
[INFO] Including org.apache.maven.shared:maven-invoker:jar:2.1.1 in the shaded jar.
[INFO] Including org.codehaus.plexus:plexus-component-annotations:jar:1.5.5 in the shaded jar.
[INFO] Including org.codehaus.plexus:plexus-utils:jar:2.0.5 in the shaded jar.
[INFO] Including com.googlecode.json-simple:json-simple:jar:1.1 in the shaded jar.
[INFO] Including com.fasterxml.jackson.core:jackson-annotations:jar:2.8.5 in the shaded jar.
[INFO] Replacing original artifact with shaded artifact.
[INFO] Replacing podilizer-experiments/results/translated-buttons/LambdaProjects/unpackaged/Buttons/actionPerformed1/target/lambda-java-example-1.0-SNAPSHOT-shaded.jar
[INFO] 
[INFO] --- maven-install-plugin:2.5.2:install (default-install) @ lambda-java-example ---
[INFO] Installing podilizer-experiments/results/translated-buttons/LambdaProjects/unpackaged/Buttons/actionPerformed1/target/lambda-java-example-1.0-SNAPSHOT.jar to .m2/repository/doc-examples/lambda-java-example/1.0-SNAPSHOT/lambda-java-example-1.0-SNAPSHOT.jar
[INFO] Installing podilizer-experiments/results/translated-buttons/LambdaProjects/unpackaged/Buttons/actionPerformed1/pom.xml to .m2/repository/doc-examples/lambda-java-example/1.0-SNAPSHOT/lambda-java-example-1.0-SNAPSHOT.pom
[INFO] ------------------------------------------------------------------------
[INFO] BUILD SUCCESS
[INFO] ------------------------------------------------------------------------
[INFO] Total time: 2.333 s
[INFO] Finished at: 2017-01-23T17:09:38+01:00
[INFO] Final Memory: 29M/293M
[INFO] ------------------------------------------------------------------------
[INFO] Scanning for projects...
[INFO]                                                                         
[INFO] ------------------------------------------------------------------------
[INFO] Building lambda-java-example 1.0-SNAPSHOT
[INFO] ------------------------------------------------------------------------
[INFO] 
[INFO] --- maven-clean-plugin:2.5:clean (default-clean) @ lambda-java-example ---
[INFO] 
[INFO] --- maven-resources-plugin:2.6:resources (default-resources) @ lambda-java-example ---
[WARNING] Using platform encoding (UTF-8 actually) to copy filtered resources, i.e. build is platform dependent!
[INFO] skip non existing resourceDirectory podilizer-experiments/results/translated-buttons/LambdaProjects/unpackaged/Buttons/main1/src/main/resources
[INFO] 
[INFO] --- maven-compiler-plugin:3.2:compile (default-compile) @ lambda-java-example ---
[INFO] Changes detected - recompiling the module!
[WARNING] File encoding has not been set, using platform encoding UTF-8, i.e. build is platform dependent!
[INFO] Compiling 11 source files to podilizer-experiments/results/translated-buttons/LambdaProjects/unpackaged/Buttons/main1/target/classes
[INFO] Some messages have been simplified; recompile with -Xdiags:verbose to get full output
[INFO] -------------------------------------------------------------
[ERROR] COMPILATION ERROR : 
[INFO] -------------------------------------------------------------
[ERROR] podilizer-experiments/results/translated-buttons/LambdaProjects/unpackaged/Buttons/main1/src/main/java/lambda_function/LambdaFunction.java:[34,31] incompatible types: java.lang.String cannot be converted to java.lang.String[]
[INFO] 1 error
[INFO] -------------------------------------------------------------
[INFO] ------------------------------------------------------------------------
[INFO] BUILD FAILURE
[INFO] ------------------------------------------------------------------------
[INFO] Total time: 1.153 s
[INFO] Finished at: 2017-01-23T17:09:40+01:00
[INFO] Final Memory: 18M/303M
[INFO] ------------------------------------------------------------------------
[ERROR] Failed to execute goal org.apache.maven.plugins:maven-compiler-plugin:3.2:compile (default-compile) on project lambda-java-example: Compilation failure
[ERROR] podilizer-experiments/results/translated-buttons/LambdaProjects/unpackaged/Buttons/main1/src/main/java/lambda_function/LambdaFunction.java:[34,31] incompatible types: java.lang.String cannot be converted to java.lang.String[]
[ERROR] -> [Help 1]
[ERROR] 
[ERROR] To see the full stack trace of the errors, re-run Maven with the -e switch.
[ERROR] Re-run Maven using the -X switch to enable full debug logging.
[ERROR] 
[ERROR] For more information about the errors and possible solutions, please read the following articles:
[ERROR] [Help 1] http://cwiki.apache.org/confluence/display/MAVEN/MojoFailureException

---Building finished in 00 min, 08.972 sec---

