
---Translation started---


---Translation finished in 00 min,00 sec,166 millisec---


---Building started.---

[INFO] Scanning for projects...
[INFO]                                                                         
[INFO] ------------------------------------------------------------------------
[INFO] Building lambda-java-example 1.0-SNAPSHOT
[INFO] ------------------------------------------------------------------------
[INFO] 
[INFO] --- maven-clean-plugin:2.5:clean (default-clean) @ lambda-java-example ---
[INFO] 
[INFO] --- maven-resources-plugin:2.6:resources (default-resources) @ lambda-java-example ---
[WARNING] Using platform encoding (UTF-8 actually) to copy filtered resources, i.e. build is platform dependent!
[INFO] skip non existing resourceDirectory /home/dord/SPLab/testsPodilizer/podilizer-experiments/results/translated-imageprocessounpackaged/LambdaProjects/unpackaged/Plugin/name/src/main/resources
[INFO] 
[INFO] --- maven-compiler-plugin:3.2:compile (default-compile) @ lambda-java-example ---
[INFO] Changes detected - recompiling the module!
[WARNING] File encoding has not been set, using platform encoding UTF-8, i.e. build is platform dependent!
[INFO] Compiling 10 source files to /home/dord/SPLab/testsPodilizer/podilizer-experiments/results/translated-imageprocessounpackaged/LambdaProjects/unpackaged/Plugin/name/target/classes
[INFO] -------------------------------------------------------------
[ERROR] COMPILATION ERROR : 
[INFO] -------------------------------------------------------------
[ERROR] /home/dord/SPLab/testsPodilizer/podilizer-experiments/results/translated-imageprocessounpackaged/LambdaProjects/unpackaged/Plugin/name/src/main/java/awsl/unpackaged/Plugin/description/InputType.java:[3,1] package unpackaged does not exist
[ERROR] /home/dord/SPLab/testsPodilizer/podilizer-experiments/results/translated-imageprocessounpackaged/LambdaProjects/unpackaged/Plugin/name/src/main/java/lambda_function/LambdaFunction.java:[23,1] package unpackaged does not exist
[ERROR] /home/dord/SPLab/testsPodilizer/podilizer-experiments/results/translated-imageprocessounpackaged/LambdaProjects/unpackaged/Plugin/name/src/main/java/lambda_function/OutputType.java:[3,1] package unpackaged does not exist
[ERROR] /home/dord/SPLab/testsPodilizer/podilizer-experiments/results/translated-imageprocessounpackaged/LambdaProjects/unpackaged/Plugin/name/src/main/java/awsl/unpackaged/Plugin/name/OutputType.java:[3,1] package unpackaged does not exist
[ERROR] /home/dord/SPLab/testsPodilizer/podilizer-experiments/results/translated-imageprocessounpackaged/LambdaProjects/unpackaged/Plugin/name/src/main/java/awsl/unpackaged/Plugin/name/InputType.java:[3,1] package unpackaged does not exist
[ERROR] /home/dord/SPLab/testsPodilizer/podilizer-experiments/results/translated-imageprocessounpackaged/LambdaProjects/unpackaged/Plugin/name/src/main/java/awsl/unpackaged/Plugin/description/OutputType.java:[3,1] package unpackaged does not exist
[ERROR] /home/dord/SPLab/testsPodilizer/podilizer-experiments/results/translated-imageprocessounpackaged/LambdaProjects/unpackaged/Plugin/name/src/main/java/awsl/unpackaged/Plugin/process1/OutputType.java:[3,1] package unpackaged does not exist
[ERROR] /home/dord/SPLab/testsPodilizer/podilizer-experiments/results/translated-imageprocessounpackaged/LambdaProjects/unpackaged/Plugin/name/src/main/java/lambda_function/InputType.java:[3,1] package unpackaged does not exist
[ERROR] /home/dord/SPLab/testsPodilizer/podilizer-experiments/results/translated-imageprocessounpackaged/LambdaProjects/unpackaged/Plugin/name/src/main/java/awsl/unpackaged/Plugin/process1/InputType.java:[3,1] package unpackaged does not exist
[ERROR] /home/dord/SPLab/testsPodilizer/podilizer-experiments/results/translated-imageprocessounpackaged/LambdaProjects/unpackaged/Plugin/name/src/main/java/lambda_function/LambdaFunction.java:[39,19] missing method body, or declare abstract
[ERROR] /home/dord/SPLab/testsPodilizer/podilizer-experiments/results/translated-imageprocessounpackaged/LambdaProjects/unpackaged/Plugin/name/src/main/java/lambda_function/LambdaFunction.java:[41,19] missing method body, or declare abstract
[INFO] 11 errors 
[INFO] -------------------------------------------------------------
[INFO] ------------------------------------------------------------------------
[INFO] BUILD FAILURE
[INFO] ------------------------------------------------------------------------
[INFO] Total time: 1.088 s
[INFO] Finished at: 2017-01-18T17:36:09+01:00
[INFO] Final Memory: 17M/221M
[INFO] ------------------------------------------------------------------------
[ERROR] Failed to execute goal org.apache.maven.plugins:maven-compiler-plugin:3.2:compile (default-compile) on project lambda-java-example: Compilation failure: Compilation failure:
[ERROR] /home/dord/SPLab/testsPodilizer/podilizer-experiments/results/translated-imageprocessounpackaged/LambdaProjects/unpackaged/Plugin/name/src/main/java/awsl/unpackaged/Plugin/description/InputType.java:[3,1] package unpackaged does not exist
[ERROR] /home/dord/SPLab/testsPodilizer/podilizer-experiments/results/translated-imageprocessounpackaged/LambdaProjects/unpackaged/Plugin/name/src/main/java/lambda_function/LambdaFunction.java:[23,1] package unpackaged does not exist
[ERROR] /home/dord/SPLab/testsPodilizer/podilizer-experiments/results/translated-imageprocessounpackaged/LambdaProjects/unpackaged/Plugin/name/src/main/java/lambda_function/OutputType.java:[3,1] package unpackaged does not exist
[ERROR] /home/dord/SPLab/testsPodilizer/podilizer-experiments/results/translated-imageprocessounpackaged/LambdaProjects/unpackaged/Plugin/name/src/main/java/awsl/unpackaged/Plugin/name/OutputType.java:[3,1] package unpackaged does not exist
[ERROR] /home/dord/SPLab/testsPodilizer/podilizer-experiments/results/translated-imageprocessounpackaged/LambdaProjects/unpackaged/Plugin/name/src/main/java/awsl/unpackaged/Plugin/name/InputType.java:[3,1] package unpackaged does not exist
[ERROR] /home/dord/SPLab/testsPodilizer/podilizer-experiments/results/translated-imageprocessounpackaged/LambdaProjects/unpackaged/Plugin/name/src/main/java/awsl/unpackaged/Plugin/description/OutputType.java:[3,1] package unpackaged does not exist
[ERROR] /home/dord/SPLab/testsPodilizer/podilizer-experiments/results/translated-imageprocessounpackaged/LambdaProjects/unpackaged/Plugin/name/src/main/java/awsl/unpackaged/Plugin/process1/OutputType.java:[3,1] package unpackaged does not exist
[ERROR] /home/dord/SPLab/testsPodilizer/podilizer-experiments/results/translated-imageprocessounpackaged/LambdaProjects/unpackaged/Plugin/name/src/main/java/lambda_function/InputType.java:[3,1] package unpackaged does not exist
[ERROR] /home/dord/SPLab/testsPodilizer/podilizer-experiments/results/translated-imageprocessounpackaged/LambdaProjects/unpackaged/Plugin/name/src/main/java/awsl/unpackaged/Plugin/process1/InputType.java:[3,1] package unpackaged does not exist
[ERROR] /home/dord/SPLab/testsPodilizer/podilizer-experiments/results/translated-imageprocessounpackaged/LambdaProjects/unpackaged/Plugin/name/src/main/java/lambda_function/LambdaFunction.java:[39,19] missing method body, or declare abstract
[ERROR] /home/dord/SPLab/testsPodilizer/podilizer-experiments/results/translated-imageprocessounpackaged/LambdaProjects/unpackaged/Plugin/name/src/main/java/lambda_function/LambdaFunction.java:[41,19] missing method body, or declare abstract
[ERROR] -> [Help 1]
[ERROR] 
[ERROR] To see the full stack trace of the errors, re-run Maven with the -e switch.
[ERROR] Re-run Maven using the -X switch to enable full debug logging.
[ERROR] 
[ERROR] For more information about the errors and possible solutions, please read the following articles:
[ERROR] [Help 1] http://cwiki.apache.org/confluence/display/MAVEN/MojoFailureException
[INFO] Scanning for projects...
[INFO]                                                                         
[INFO] ------------------------------------------------------------------------
[INFO] Building lambda-java-example 1.0-SNAPSHOT
[INFO] ------------------------------------------------------------------------
[INFO] 
[INFO] --- maven-clean-plugin:2.5:clean (default-clean) @ lambda-java-example ---
[INFO] 
[INFO] --- maven-resources-plugin:2.6:resources (default-resources) @ lambda-java-example ---
[WARNING] Using platform encoding (UTF-8 actually) to copy filtered resources, i.e. build is platform dependent!
[INFO] skip non existing resourceDirectory /home/dord/SPLab/testsPodilizer/podilizer-experiments/results/translated-imageprocessounpackaged/LambdaProjects/unpackaged/Plugin/description/src/main/resources
[INFO] 
[INFO] --- maven-compiler-plugin:3.2:compile (default-compile) @ lambda-java-example ---
[INFO] Changes detected - recompiling the module!
[WARNING] File encoding has not been set, using platform encoding UTF-8, i.e. build is platform dependent!
[INFO] Compiling 10 source files to /home/dord/SPLab/testsPodilizer/podilizer-experiments/results/translated-imageprocessounpackaged/LambdaProjects/unpackaged/Plugin/description/target/classes
[INFO] -------------------------------------------------------------
[ERROR] COMPILATION ERROR : 
[INFO] -------------------------------------------------------------
[ERROR] /home/dord/SPLab/testsPodilizer/podilizer-experiments/results/translated-imageprocessounpackaged/LambdaProjects/unpackaged/Plugin/description/src/main/java/awsl/unpackaged/Plugin/name/OutputType.java:[3,1] package unpackaged does not exist
[ERROR] /home/dord/SPLab/testsPodilizer/podilizer-experiments/results/translated-imageprocessounpackaged/LambdaProjects/unpackaged/Plugin/description/src/main/java/awsl/unpackaged/Plugin/process1/OutputType.java:[3,1] package unpackaged does not exist
[ERROR] /home/dord/SPLab/testsPodilizer/podilizer-experiments/results/translated-imageprocessounpackaged/LambdaProjects/unpackaged/Plugin/description/src/main/java/awsl/unpackaged/Plugin/description/OutputType.java:[3,1] package unpackaged does not exist
[ERROR] /home/dord/SPLab/testsPodilizer/podilizer-experiments/results/translated-imageprocessounpackaged/LambdaProjects/unpackaged/Plugin/description/src/main/java/awsl/unpackaged/Plugin/process1/InputType.java:[3,1] package unpackaged does not exist
[ERROR] /home/dord/SPLab/testsPodilizer/podilizer-experiments/results/translated-imageprocessounpackaged/LambdaProjects/unpackaged/Plugin/description/src/main/java/lambda_function/InputType.java:[3,1] package unpackaged does not exist
[ERROR] /home/dord/SPLab/testsPodilizer/podilizer-experiments/results/translated-imageprocessounpackaged/LambdaProjects/unpackaged/Plugin/description/src/main/java/awsl/unpackaged/Plugin/description/InputType.java:[3,1] package unpackaged does not exist
[ERROR] /home/dord/SPLab/testsPodilizer/podilizer-experiments/results/translated-imageprocessounpackaged/LambdaProjects/unpackaged/Plugin/description/src/main/java/lambda_function/OutputType.java:[3,1] package unpackaged does not exist
[ERROR] /home/dord/SPLab/testsPodilizer/podilizer-experiments/results/translated-imageprocessounpackaged/LambdaProjects/unpackaged/Plugin/description/src/main/java/lambda_function/LambdaFunction.java:[23,1] package unpackaged does not exist
[ERROR] /home/dord/SPLab/testsPodilizer/podilizer-experiments/results/translated-imageprocessounpackaged/LambdaProjects/unpackaged/Plugin/description/src/main/java/awsl/unpackaged/Plugin/name/InputType.java:[3,1] package unpackaged does not exist
[ERROR] /home/dord/SPLab/testsPodilizer/podilizer-experiments/results/translated-imageprocessounpackaged/LambdaProjects/unpackaged/Plugin/description/src/main/java/lambda_function/LambdaFunction.java:[39,19] missing method body, or declare abstract
[ERROR] /home/dord/SPLab/testsPodilizer/podilizer-experiments/results/translated-imageprocessounpackaged/LambdaProjects/unpackaged/Plugin/description/src/main/java/lambda_function/LambdaFunction.java:[41,19] missing method body, or declare abstract
[INFO] 11 errors 
[INFO] -------------------------------------------------------------
[INFO] ------------------------------------------------------------------------
[INFO] BUILD FAILURE
[INFO] ------------------------------------------------------------------------
[INFO] Total time: 1.058 s
[INFO] Finished at: 2017-01-18T17:36:12+01:00
[INFO] Final Memory: 18M/299M
[INFO] ------------------------------------------------------------------------
[ERROR] Failed to execute goal org.apache.maven.plugins:maven-compiler-plugin:3.2:compile (default-compile) on project lambda-java-example: Compilation failure: Compilation failure:
[ERROR] /home/dord/SPLab/testsPodilizer/podilizer-experiments/results/translated-imageprocessounpackaged/LambdaProjects/unpackaged/Plugin/description/src/main/java/awsl/unpackaged/Plugin/name/OutputType.java:[3,1] package unpackaged does not exist
[ERROR] /home/dord/SPLab/testsPodilizer/podilizer-experiments/results/translated-imageprocessounpackaged/LambdaProjects/unpackaged/Plugin/description/src/main/java/awsl/unpackaged/Plugin/process1/OutputType.java:[3,1] package unpackaged does not exist
[ERROR] /home/dord/SPLab/testsPodilizer/podilizer-experiments/results/translated-imageprocessounpackaged/LambdaProjects/unpackaged/Plugin/description/src/main/java/awsl/unpackaged/Plugin/description/OutputType.java:[3,1] package unpackaged does not exist
[ERROR] /home/dord/SPLab/testsPodilizer/podilizer-experiments/results/translated-imageprocessounpackaged/LambdaProjects/unpackaged/Plugin/description/src/main/java/awsl/unpackaged/Plugin/process1/InputType.java:[3,1] package unpackaged does not exist
[ERROR] /home/dord/SPLab/testsPodilizer/podilizer-experiments/results/translated-imageprocessounpackaged/LambdaProjects/unpackaged/Plugin/description/src/main/java/lambda_function/InputType.java:[3,1] package unpackaged does not exist
[ERROR] /home/dord/SPLab/testsPodilizer/podilizer-experiments/results/translated-imageprocessounpackaged/LambdaProjects/unpackaged/Plugin/description/src/main/java/awsl/unpackaged/Plugin/description/InputType.java:[3,1] package unpackaged does not exist
[ERROR] /home/dord/SPLab/testsPodilizer/podilizer-experiments/results/translated-imageprocessounpackaged/LambdaProjects/unpackaged/Plugin/description/src/main/java/lambda_function/OutputType.java:[3,1] package unpackaged does not exist
[ERROR] /home/dord/SPLab/testsPodilizer/podilizer-experiments/results/translated-imageprocessounpackaged/LambdaProjects/unpackaged/Plugin/description/src/main/java/lambda_function/LambdaFunction.java:[23,1] package unpackaged does not exist
[ERROR] /home/dord/SPLab/testsPodilizer/podilizer-experiments/results/translated-imageprocessounpackaged/LambdaProjects/unpackaged/Plugin/description/src/main/java/awsl/unpackaged/Plugin/name/InputType.java:[3,1] package unpackaged does not exist
[ERROR] /home/dord/SPLab/testsPodilizer/podilizer-experiments/results/translated-imageprocessounpackaged/LambdaProjects/unpackaged/Plugin/description/src/main/java/lambda_function/LambdaFunction.java:[39,19] missing method body, or declare abstract
[ERROR] /home/dord/SPLab/testsPodilizer/podilizer-experiments/results/translated-imageprocessounpackaged/LambdaProjects/unpackaged/Plugin/description/src/main/java/lambda_function/LambdaFunction.java:[41,19] missing method body, or declare abstract
[ERROR] -> [Help 1]
[ERROR] 
[ERROR] To see the full stack trace of the errors, re-run Maven with the -e switch.
[ERROR] Re-run Maven using the -X switch to enable full debug logging.
[ERROR] 
[ERROR] For more information about the errors and possible solutions, please read the following articles:
[ERROR] [Help 1] http://cwiki.apache.org/confluence/display/MAVEN/MojoFailureException
[INFO] Scanning for projects...
[INFO]                                                                         
[INFO] ------------------------------------------------------------------------
[INFO] Building lambda-java-example 1.0-SNAPSHOT
[INFO] ------------------------------------------------------------------------
[INFO] 
[INFO] --- maven-clean-plugin:2.5:clean (default-clean) @ lambda-java-example ---
[INFO] 
[INFO] --- maven-resources-plugin:2.6:resources (default-resources) @ lambda-java-example ---
[WARNING] Using platform encoding (UTF-8 actually) to copy filtered resources, i.e. build is platform dependent!
[INFO] skip non existing resourceDirectory /home/dord/SPLab/testsPodilizer/podilizer-experiments/results/translated-imageprocessounpackaged/LambdaProjects/unpackaged/Plugin/process1/src/main/resources
[INFO] 
[INFO] --- maven-compiler-plugin:3.2:compile (default-compile) @ lambda-java-example ---
[INFO] Changes detected - recompiling the module!
[WARNING] File encoding has not been set, using platform encoding UTF-8, i.e. build is platform dependent!
[INFO] Compiling 10 source files to /home/dord/SPLab/testsPodilizer/podilizer-experiments/results/translated-imageprocessounpackaged/LambdaProjects/unpackaged/Plugin/process1/target/classes
[INFO] -------------------------------------------------------------
[ERROR] COMPILATION ERROR : 
[INFO] -------------------------------------------------------------
[ERROR] /home/dord/SPLab/testsPodilizer/podilizer-experiments/results/translated-imageprocessounpackaged/LambdaProjects/unpackaged/Plugin/process1/src/main/java/lambda_function/LambdaFunction.java:[23,1] package unpackaged does not exist
[ERROR] /home/dord/SPLab/testsPodilizer/podilizer-experiments/results/translated-imageprocessounpackaged/LambdaProjects/unpackaged/Plugin/process1/src/main/java/awsl/unpackaged/Plugin/description/InputType.java:[3,1] package unpackaged does not exist
[ERROR] /home/dord/SPLab/testsPodilizer/podilizer-experiments/results/translated-imageprocessounpackaged/LambdaProjects/unpackaged/Plugin/process1/src/main/java/awsl/unpackaged/Plugin/process1/OutputType.java:[3,1] package unpackaged does not exist
[ERROR] /home/dord/SPLab/testsPodilizer/podilizer-experiments/results/translated-imageprocessounpackaged/LambdaProjects/unpackaged/Plugin/process1/src/main/java/lambda_function/InputType.java:[3,1] package unpackaged does not exist
[ERROR] /home/dord/SPLab/testsPodilizer/podilizer-experiments/results/translated-imageprocessounpackaged/LambdaProjects/unpackaged/Plugin/process1/src/main/java/awsl/unpackaged/Plugin/name/OutputType.java:[3,1] package unpackaged does not exist
[ERROR] /home/dord/SPLab/testsPodilizer/podilizer-experiments/results/translated-imageprocessounpackaged/LambdaProjects/unpackaged/Plugin/process1/src/main/java/awsl/unpackaged/Plugin/description/OutputType.java:[3,1] package unpackaged does not exist
[ERROR] /home/dord/SPLab/testsPodilizer/podilizer-experiments/results/translated-imageprocessounpackaged/LambdaProjects/unpackaged/Plugin/process1/src/main/java/awsl/unpackaged/Plugin/name/InputType.java:[3,1] package unpackaged does not exist
[ERROR] /home/dord/SPLab/testsPodilizer/podilizer-experiments/results/translated-imageprocessounpackaged/LambdaProjects/unpackaged/Plugin/process1/src/main/java/awsl/unpackaged/Plugin/process1/InputType.java:[3,1] package unpackaged does not exist
[ERROR] /home/dord/SPLab/testsPodilizer/podilizer-experiments/results/translated-imageprocessounpackaged/LambdaProjects/unpackaged/Plugin/process1/src/main/java/lambda_function/OutputType.java:[3,1] package unpackaged does not exist
[ERROR] /home/dord/SPLab/testsPodilizer/podilizer-experiments/results/translated-imageprocessounpackaged/LambdaProjects/unpackaged/Plugin/process1/src/main/java/lambda_function/LambdaFunction.java:[39,19] missing method body, or declare abstract
[ERROR] /home/dord/SPLab/testsPodilizer/podilizer-experiments/results/translated-imageprocessounpackaged/LambdaProjects/unpackaged/Plugin/process1/src/main/java/lambda_function/LambdaFunction.java:[41,19] missing method body, or declare abstract
[INFO] 11 errors 
[INFO] -------------------------------------------------------------
[INFO] ------------------------------------------------------------------------
[INFO] BUILD FAILURE
[INFO] ------------------------------------------------------------------------
[INFO] Total time: 1.077 s
[INFO] Finished at: 2017-01-18T17:36:14+01:00
[INFO] Final Memory: 17M/220M
[INFO] ------------------------------------------------------------------------
[ERROR] Failed to execute goal org.apache.maven.plugins:maven-compiler-plugin:3.2:compile (default-compile) on project lambda-java-example: Compilation failure: Compilation failure:
[ERROR] /home/dord/SPLab/testsPodilizer/podilizer-experiments/results/translated-imageprocessounpackaged/LambdaProjects/unpackaged/Plugin/process1/src/main/java/lambda_function/LambdaFunction.java:[23,1] package unpackaged does not exist
[ERROR] /home/dord/SPLab/testsPodilizer/podilizer-experiments/results/translated-imageprocessounpackaged/LambdaProjects/unpackaged/Plugin/process1/src/main/java/awsl/unpackaged/Plugin/description/InputType.java:[3,1] package unpackaged does not exist
[ERROR] /home/dord/SPLab/testsPodilizer/podilizer-experiments/results/translated-imageprocessounpackaged/LambdaProjects/unpackaged/Plugin/process1/src/main/java/awsl/unpackaged/Plugin/process1/OutputType.java:[3,1] package unpackaged does not exist
[ERROR] /home/dord/SPLab/testsPodilizer/podilizer-experiments/results/translated-imageprocessounpackaged/LambdaProjects/unpackaged/Plugin/process1/src/main/java/lambda_function/InputType.java:[3,1] package unpackaged does not exist
[ERROR] /home/dord/SPLab/testsPodilizer/podilizer-experiments/results/translated-imageprocessounpackaged/LambdaProjects/unpackaged/Plugin/process1/src/main/java/awsl/unpackaged/Plugin/name/OutputType.java:[3,1] package unpackaged does not exist
[ERROR] /home/dord/SPLab/testsPodilizer/podilizer-experiments/results/translated-imageprocessounpackaged/LambdaProjects/unpackaged/Plugin/process1/src/main/java/awsl/unpackaged/Plugin/description/OutputType.java:[3,1] package unpackaged does not exist
[ERROR] /home/dord/SPLab/testsPodilizer/podilizer-experiments/results/translated-imageprocessounpackaged/LambdaProjects/unpackaged/Plugin/process1/src/main/java/awsl/unpackaged/Plugin/name/InputType.java:[3,1] package unpackaged does not exist
[ERROR] /home/dord/SPLab/testsPodilizer/podilizer-experiments/results/translated-imageprocessounpackaged/LambdaProjects/unpackaged/Plugin/process1/src/main/java/awsl/unpackaged/Plugin/process1/InputType.java:[3,1] package unpackaged does not exist
[ERROR] /home/dord/SPLab/testsPodilizer/podilizer-experiments/results/translated-imageprocessounpackaged/LambdaProjects/unpackaged/Plugin/process1/src/main/java/lambda_function/OutputType.java:[3,1] package unpackaged does not exist
[ERROR] /home/dord/SPLab/testsPodilizer/podilizer-experiments/results/translated-imageprocessounpackaged/LambdaProjects/unpackaged/Plugin/process1/src/main/java/lambda_function/LambdaFunction.java:[39,19] missing method body, or declare abstract
[ERROR] /home/dord/SPLab/testsPodilizer/podilizer-experiments/results/translated-imageprocessounpackaged/LambdaProjects/unpackaged/Plugin/process1/src/main/java/lambda_function/LambdaFunction.java:[41,19] missing method body, or declare abstract
[ERROR] -> [Help 1]
[ERROR] 
[ERROR] To see the full stack trace of the errors, re-run Maven with the -e switch.
[ERROR] Re-run Maven using the -X switch to enable full debug logging.
[ERROR] 
[ERROR] For more information about the errors and possible solutions, please read the following articles:
[ERROR] [Help 1] http://cwiki.apache.org/confluence/display/MAVEN/MojoFailureException
[INFO] Scanning for projects...
[INFO]                                                                         
[INFO] ------------------------------------------------------------------------
[INFO] Building lambda-java-example 1.0-SNAPSHOT
[INFO] ------------------------------------------------------------------------
[INFO] 
[INFO] --- maven-clean-plugin:2.5:clean (default-clean) @ lambda-java-example ---
[INFO] Deleting /home/dord/SPLab/testsPodilizer/podilizer-experiments/results/translated-imageprocessounpackaged/LambdaProjects/unpackaged/Plugin/name/target
[INFO] 
[INFO] --- maven-resources-plugin:2.6:resources (default-resources) @ lambda-java-example ---
[WARNING] Using platform encoding (UTF-8 actually) to copy filtered resources, i.e. build is platform dependent!
[INFO] skip non existing resourceDirectory /home/dord/SPLab/testsPodilizer/podilizer-experiments/results/translated-imageprocessounpackaged/LambdaProjects/unpackaged/Plugin/name/src/main/resources
[INFO] 
[INFO] --- maven-compiler-plugin:3.2:compile (default-compile) @ lambda-java-example ---
[INFO] Changes detected - recompiling the module!
[WARNING] File encoding has not been set, using platform encoding UTF-8, i.e. build is platform dependent!
[INFO] Compiling 10 source files to /home/dord/SPLab/testsPodilizer/podilizer-experiments/results/translated-imageprocessounpackaged/LambdaProjects/unpackaged/Plugin/name/target/classes
[INFO] -------------------------------------------------------------
[ERROR] COMPILATION ERROR : 
[INFO] -------------------------------------------------------------
[ERROR] /home/dord/SPLab/testsPodilizer/podilizer-experiments/results/translated-imageprocessounpackaged/LambdaProjects/unpackaged/Plugin/name/src/main/java/awsl/unpackaged/Plugin/description/InputType.java:[3,1] package unpackaged does not exist
[ERROR] /home/dord/SPLab/testsPodilizer/podilizer-experiments/results/translated-imageprocessounpackaged/LambdaProjects/unpackaged/Plugin/name/src/main/java/lambda_function/LambdaFunction.java:[23,1] package unpackaged does not exist
[ERROR] /home/dord/SPLab/testsPodilizer/podilizer-experiments/results/translated-imageprocessounpackaged/LambdaProjects/unpackaged/Plugin/name/src/main/java/lambda_function/OutputType.java:[3,1] package unpackaged does not exist
[ERROR] /home/dord/SPLab/testsPodilizer/podilizer-experiments/results/translated-imageprocessounpackaged/LambdaProjects/unpackaged/Plugin/name/src/main/java/awsl/unpackaged/Plugin/name/OutputType.java:[3,1] package unpackaged does not exist
[ERROR] /home/dord/SPLab/testsPodilizer/podilizer-experiments/results/translated-imageprocessounpackaged/LambdaProjects/unpackaged/Plugin/name/src/main/java/awsl/unpackaged/Plugin/name/InputType.java:[3,1] package unpackaged does not exist
[ERROR] /home/dord/SPLab/testsPodilizer/podilizer-experiments/results/translated-imageprocessounpackaged/LambdaProjects/unpackaged/Plugin/name/src/main/java/awsl/unpackaged/Plugin/description/OutputType.java:[3,1] package unpackaged does not exist
[ERROR] /home/dord/SPLab/testsPodilizer/podilizer-experiments/results/translated-imageprocessounpackaged/LambdaProjects/unpackaged/Plugin/name/src/main/java/awsl/unpackaged/Plugin/process1/OutputType.java:[3,1] package unpackaged does not exist
[ERROR] /home/dord/SPLab/testsPodilizer/podilizer-experiments/results/translated-imageprocessounpackaged/LambdaProjects/unpackaged/Plugin/name/src/main/java/lambda_function/InputType.java:[3,1] package unpackaged does not exist
[ERROR] /home/dord/SPLab/testsPodilizer/podilizer-experiments/results/translated-imageprocessounpackaged/LambdaProjects/unpackaged/Plugin/name/src/main/java/awsl/unpackaged/Plugin/process1/InputType.java:[3,1] package unpackaged does not exist
[ERROR] /home/dord/SPLab/testsPodilizer/podilizer-experiments/results/translated-imageprocessounpackaged/LambdaProjects/unpackaged/Plugin/name/src/main/java/lambda_function/LambdaFunction.java:[39,19] missing method body, or declare abstract
[ERROR] /home/dord/SPLab/testsPodilizer/podilizer-experiments/results/translated-imageprocessounpackaged/LambdaProjects/unpackaged/Plugin/name/src/main/java/lambda_function/LambdaFunction.java:[41,19] missing method body, or declare abstract
[INFO] 11 errors 
[INFO] -------------------------------------------------------------
[INFO] ------------------------------------------------------------------------
[INFO] BUILD FAILURE
[INFO] ------------------------------------------------------------------------
[INFO] Total time: 1.058 s
[INFO] Finished at: 2017-01-18T17:36:16+01:00
[INFO] Final Memory: 18M/302M
[INFO] ------------------------------------------------------------------------
[ERROR] Failed to execute goal org.apache.maven.plugins:maven-compiler-plugin:3.2:compile (default-compile) on project lambda-java-example: Compilation failure: Compilation failure:
[ERROR] /home/dord/SPLab/testsPodilizer/podilizer-experiments/results/translated-imageprocessounpackaged/LambdaProjects/unpackaged/Plugin/name/src/main/java/awsl/unpackaged/Plugin/description/InputType.java:[3,1] package unpackaged does not exist
[ERROR] /home/dord/SPLab/testsPodilizer/podilizer-experiments/results/translated-imageprocessounpackaged/LambdaProjects/unpackaged/Plugin/name/src/main/java/lambda_function/LambdaFunction.java:[23,1] package unpackaged does not exist
[ERROR] /home/dord/SPLab/testsPodilizer/podilizer-experiments/results/translated-imageprocessounpackaged/LambdaProjects/unpackaged/Plugin/name/src/main/java/lambda_function/OutputType.java:[3,1] package unpackaged does not exist
[ERROR] /home/dord/SPLab/testsPodilizer/podilizer-experiments/results/translated-imageprocessounpackaged/LambdaProjects/unpackaged/Plugin/name/src/main/java/awsl/unpackaged/Plugin/name/OutputType.java:[3,1] package unpackaged does not exist
[ERROR] /home/dord/SPLab/testsPodilizer/podilizer-experiments/results/translated-imageprocessounpackaged/LambdaProjects/unpackaged/Plugin/name/src/main/java/awsl/unpackaged/Plugin/name/InputType.java:[3,1] package unpackaged does not exist
[ERROR] /home/dord/SPLab/testsPodilizer/podilizer-experiments/results/translated-imageprocessounpackaged/LambdaProjects/unpackaged/Plugin/name/src/main/java/awsl/unpackaged/Plugin/description/OutputType.java:[3,1] package unpackaged does not exist
[ERROR] /home/dord/SPLab/testsPodilizer/podilizer-experiments/results/translated-imageprocessounpackaged/LambdaProjects/unpackaged/Plugin/name/src/main/java/awsl/unpackaged/Plugin/process1/OutputType.java:[3,1] package unpackaged does not exist
[ERROR] /home/dord/SPLab/testsPodilizer/podilizer-experiments/results/translated-imageprocessounpackaged/LambdaProjects/unpackaged/Plugin/name/src/main/java/lambda_function/InputType.java:[3,1] package unpackaged does not exist
[ERROR] /home/dord/SPLab/testsPodilizer/podilizer-experiments/results/translated-imageprocessounpackaged/LambdaProjects/unpackaged/Plugin/name/src/main/java/awsl/unpackaged/Plugin/process1/InputType.java:[3,1] package unpackaged does not exist
[ERROR] /home/dord/SPLab/testsPodilizer/podilizer-experiments/results/translated-imageprocessounpackaged/LambdaProjects/unpackaged/Plugin/name/src/main/java/lambda_function/LambdaFunction.java:[39,19] missing method body, or declare abstract
[ERROR] /home/dord/SPLab/testsPodilizer/podilizer-experiments/results/translated-imageprocessounpackaged/LambdaProjects/unpackaged/Plugin/name/src/main/java/lambda_function/LambdaFunction.java:[41,19] missing method body, or declare abstract
[ERROR] -> [Help 1]
[ERROR] 
[ERROR] To see the full stack trace of the errors, re-run Maven with the -e switch.
[ERROR] Re-run Maven using the -X switch to enable full debug logging.
[ERROR] 
[ERROR] For more information about the errors and possible solutions, please read the following articles:
[ERROR] [Help 1] http://cwiki.apache.org/confluence/display/MAVEN/MojoFailureException
[INFO] Scanning for projects...
[INFO]                                                                         
[INFO] ------------------------------------------------------------------------
[INFO] Building lambda-java-example 1.0-SNAPSHOT
[INFO] ------------------------------------------------------------------------
[INFO] 
[INFO] --- maven-clean-plugin:2.5:clean (default-clean) @ lambda-java-example ---
[INFO] Deleting /home/dord/SPLab/testsPodilizer/podilizer-experiments/results/translated-imageprocessounpackaged/LambdaProjects/unpackaged/Plugin/description/target
[INFO] 
[INFO] --- maven-resources-plugin:2.6:resources (default-resources) @ lambda-java-example ---
[WARNING] Using platform encoding (UTF-8 actually) to copy filtered resources, i.e. build is platform dependent!
[INFO] skip non existing resourceDirectory /home/dord/SPLab/testsPodilizer/podilizer-experiments/results/translated-imageprocessounpackaged/LambdaProjects/unpackaged/Plugin/description/src/main/resources
[INFO] 
[INFO] --- maven-compiler-plugin:3.2:compile (default-compile) @ lambda-java-example ---
[INFO] Changes detected - recompiling the module!
[WARNING] File encoding has not been set, using platform encoding UTF-8, i.e. build is platform dependent!
[INFO] Compiling 10 source files to /home/dord/SPLab/testsPodilizer/podilizer-experiments/results/translated-imageprocessounpackaged/LambdaProjects/unpackaged/Plugin/description/target/classes
[INFO] -------------------------------------------------------------
[ERROR] COMPILATION ERROR : 
[INFO] -------------------------------------------------------------
[ERROR] /home/dord/SPLab/testsPodilizer/podilizer-experiments/results/translated-imageprocessounpackaged/LambdaProjects/unpackaged/Plugin/description/src/main/java/awsl/unpackaged/Plugin/name/OutputType.java:[3,1] package unpackaged does not exist
[ERROR] /home/dord/SPLab/testsPodilizer/podilizer-experiments/results/translated-imageprocessounpackaged/LambdaProjects/unpackaged/Plugin/description/src/main/java/awsl/unpackaged/Plugin/process1/OutputType.java:[3,1] package unpackaged does not exist
[ERROR] /home/dord/SPLab/testsPodilizer/podilizer-experiments/results/translated-imageprocessounpackaged/LambdaProjects/unpackaged/Plugin/description/src/main/java/awsl/unpackaged/Plugin/description/OutputType.java:[3,1] package unpackaged does not exist
[ERROR] /home/dord/SPLab/testsPodilizer/podilizer-experiments/results/translated-imageprocessounpackaged/LambdaProjects/unpackaged/Plugin/description/src/main/java/awsl/unpackaged/Plugin/process1/InputType.java:[3,1] package unpackaged does not exist
[ERROR] /home/dord/SPLab/testsPodilizer/podilizer-experiments/results/translated-imageprocessounpackaged/LambdaProjects/unpackaged/Plugin/description/src/main/java/lambda_function/InputType.java:[3,1] package unpackaged does not exist
[ERROR] /home/dord/SPLab/testsPodilizer/podilizer-experiments/results/translated-imageprocessounpackaged/LambdaProjects/unpackaged/Plugin/description/src/main/java/awsl/unpackaged/Plugin/description/InputType.java:[3,1] package unpackaged does not exist
[ERROR] /home/dord/SPLab/testsPodilizer/podilizer-experiments/results/translated-imageprocessounpackaged/LambdaProjects/unpackaged/Plugin/description/src/main/java/lambda_function/OutputType.java:[3,1] package unpackaged does not exist
[ERROR] /home/dord/SPLab/testsPodilizer/podilizer-experiments/results/translated-imageprocessounpackaged/LambdaProjects/unpackaged/Plugin/description/src/main/java/lambda_function/LambdaFunction.java:[23,1] package unpackaged does not exist
[ERROR] /home/dord/SPLab/testsPodilizer/podilizer-experiments/results/translated-imageprocessounpackaged/LambdaProjects/unpackaged/Plugin/description/src/main/java/awsl/unpackaged/Plugin/name/InputType.java:[3,1] package unpackaged does not exist
[ERROR] /home/dord/SPLab/testsPodilizer/podilizer-experiments/results/translated-imageprocessounpackaged/LambdaProjects/unpackaged/Plugin/description/src/main/java/lambda_function/LambdaFunction.java:[39,19] missing method body, or declare abstract
[ERROR] /home/dord/SPLab/testsPodilizer/podilizer-experiments/results/translated-imageprocessounpackaged/LambdaProjects/unpackaged/Plugin/description/src/main/java/lambda_function/LambdaFunction.java:[41,19] missing method body, or declare abstract
[INFO] 11 errors 
[INFO] -------------------------------------------------------------
[INFO] ------------------------------------------------------------------------
[INFO] BUILD FAILURE
[INFO] ------------------------------------------------------------------------
[INFO] Total time: 1.203 s
[INFO] Finished at: 2017-01-18T17:36:18+01:00
[INFO] Final Memory: 17M/224M
[INFO] ------------------------------------------------------------------------
[ERROR] Failed to execute goal org.apache.maven.plugins:maven-compiler-plugin:3.2:compile (default-compile) on project lambda-java-example: Compilation failure: Compilation failure:
[ERROR] /home/dord/SPLab/testsPodilizer/podilizer-experiments/results/translated-imageprocessounpackaged/LambdaProjects/unpackaged/Plugin/description/src/main/java/awsl/unpackaged/Plugin/name/OutputType.java:[3,1] package unpackaged does not exist
[ERROR] /home/dord/SPLab/testsPodilizer/podilizer-experiments/results/translated-imageprocessounpackaged/LambdaProjects/unpackaged/Plugin/description/src/main/java/awsl/unpackaged/Plugin/process1/OutputType.java:[3,1] package unpackaged does not exist
[ERROR] /home/dord/SPLab/testsPodilizer/podilizer-experiments/results/translated-imageprocessounpackaged/LambdaProjects/unpackaged/Plugin/description/src/main/java/awsl/unpackaged/Plugin/description/OutputType.java:[3,1] package unpackaged does not exist
[ERROR] /home/dord/SPLab/testsPodilizer/podilizer-experiments/results/translated-imageprocessounpackaged/LambdaProjects/unpackaged/Plugin/description/src/main/java/awsl/unpackaged/Plugin/process1/InputType.java:[3,1] package unpackaged does not exist
[ERROR] /home/dord/SPLab/testsPodilizer/podilizer-experiments/results/translated-imageprocessounpackaged/LambdaProjects/unpackaged/Plugin/description/src/main/java/lambda_function/InputType.java:[3,1] package unpackaged does not exist
[ERROR] /home/dord/SPLab/testsPodilizer/podilizer-experiments/results/translated-imageprocessounpackaged/LambdaProjects/unpackaged/Plugin/description/src/main/java/awsl/unpackaged/Plugin/description/InputType.java:[3,1] package unpackaged does not exist
[ERROR] /home/dord/SPLab/testsPodilizer/podilizer-experiments/results/translated-imageprocessounpackaged/LambdaProjects/unpackaged/Plugin/description/src/main/java/lambda_function/OutputType.java:[3,1] package unpackaged does not exist
[ERROR] /home/dord/SPLab/testsPodilizer/podilizer-experiments/results/translated-imageprocessounpackaged/LambdaProjects/unpackaged/Plugin/description/src/main/java/lambda_function/LambdaFunction.java:[23,1] package unpackaged does not exist
[ERROR] /home/dord/SPLab/testsPodilizer/podilizer-experiments/results/translated-imageprocessounpackaged/LambdaProjects/unpackaged/Plugin/description/src/main/java/awsl/unpackaged/Plugin/name/InputType.java:[3,1] package unpackaged does not exist
[ERROR] /home/dord/SPLab/testsPodilizer/podilizer-experiments/results/translated-imageprocessounpackaged/LambdaProjects/unpackaged/Plugin/description/src/main/java/lambda_function/LambdaFunction.java:[39,19] missing method body, or declare abstract
[ERROR] /home/dord/SPLab/testsPodilizer/podilizer-experiments/results/translated-imageprocessounpackaged/LambdaProjects/unpackaged/Plugin/description/src/main/java/lambda_function/LambdaFunction.java:[41,19] missing method body, or declare abstract
[ERROR] -> [Help 1]
[ERROR] 
[ERROR] To see the full stack trace of the errors, re-run Maven with the -e switch.
[ERROR] Re-run Maven using the -X switch to enable full debug logging.
[ERROR] 
[ERROR] For more information about the errors and possible solutions, please read the following articles:
[ERROR] [Help 1] http://cwiki.apache.org/confluence/display/MAVEN/MojoFailureException
[INFO] Scanning for projects...
[INFO]                                                                         
[INFO] ------------------------------------------------------------------------
[INFO] Building lambda-java-example 1.0-SNAPSHOT
[INFO] ------------------------------------------------------------------------
[INFO] 
[INFO] --- maven-clean-plugin:2.5:clean (default-clean) @ lambda-java-example ---
[INFO] Deleting /home/dord/SPLab/testsPodilizer/podilizer-experiments/results/translated-imageprocessounpackaged/LambdaProjects/unpackaged/Plugin/process1/target
[INFO] 
[INFO] --- maven-resources-plugin:2.6:resources (default-resources) @ lambda-java-example ---
[WARNING] Using platform encoding (UTF-8 actually) to copy filtered resources, i.e. build is platform dependent!
[INFO] skip non existing resourceDirectory /home/dord/SPLab/testsPodilizer/podilizer-experiments/results/translated-imageprocessounpackaged/LambdaProjects/unpackaged/Plugin/process1/src/main/resources
[INFO] 
[INFO] --- maven-compiler-plugin:3.2:compile (default-compile) @ lambda-java-example ---
[INFO] Changes detected - recompiling the module!
[WARNING] File encoding has not been set, using platform encoding UTF-8, i.e. build is platform dependent!
[INFO] Compiling 10 source files to /home/dord/SPLab/testsPodilizer/podilizer-experiments/results/translated-imageprocessounpackaged/LambdaProjects/unpackaged/Plugin/process1/target/classes
[INFO] -------------------------------------------------------------
[ERROR] COMPILATION ERROR : 
[INFO] -------------------------------------------------------------
[ERROR] /home/dord/SPLab/testsPodilizer/podilizer-experiments/results/translated-imageprocessounpackaged/LambdaProjects/unpackaged/Plugin/process1/src/main/java/lambda_function/LambdaFunction.java:[23,1] package unpackaged does not exist
[ERROR] /home/dord/SPLab/testsPodilizer/podilizer-experiments/results/translated-imageprocessounpackaged/LambdaProjects/unpackaged/Plugin/process1/src/main/java/awsl/unpackaged/Plugin/description/InputType.java:[3,1] package unpackaged does not exist
[ERROR] /home/dord/SPLab/testsPodilizer/podilizer-experiments/results/translated-imageprocessounpackaged/LambdaProjects/unpackaged/Plugin/process1/src/main/java/awsl/unpackaged/Plugin/process1/OutputType.java:[3,1] package unpackaged does not exist
[ERROR] /home/dord/SPLab/testsPodilizer/podilizer-experiments/results/translated-imageprocessounpackaged/LambdaProjects/unpackaged/Plugin/process1/src/main/java/lambda_function/InputType.java:[3,1] package unpackaged does not exist
[ERROR] /home/dord/SPLab/testsPodilizer/podilizer-experiments/results/translated-imageprocessounpackaged/LambdaProjects/unpackaged/Plugin/process1/src/main/java/awsl/unpackaged/Plugin/name/OutputType.java:[3,1] package unpackaged does not exist
[ERROR] /home/dord/SPLab/testsPodilizer/podilizer-experiments/results/translated-imageprocessounpackaged/LambdaProjects/unpackaged/Plugin/process1/src/main/java/awsl/unpackaged/Plugin/description/OutputType.java:[3,1] package unpackaged does not exist
[ERROR] /home/dord/SPLab/testsPodilizer/podilizer-experiments/results/translated-imageprocessounpackaged/LambdaProjects/unpackaged/Plugin/process1/src/main/java/awsl/unpackaged/Plugin/name/InputType.java:[3,1] package unpackaged does not exist
[ERROR] /home/dord/SPLab/testsPodilizer/podilizer-experiments/results/translated-imageprocessounpackaged/LambdaProjects/unpackaged/Plugin/process1/src/main/java/awsl/unpackaged/Plugin/process1/InputType.java:[3,1] package unpackaged does not exist
[ERROR] /home/dord/SPLab/testsPodilizer/podilizer-experiments/results/translated-imageprocessounpackaged/LambdaProjects/unpackaged/Plugin/process1/src/main/java/lambda_function/OutputType.java:[3,1] package unpackaged does not exist
[ERROR] /home/dord/SPLab/testsPodilizer/podilizer-experiments/results/translated-imageprocessounpackaged/LambdaProjects/unpackaged/Plugin/process1/src/main/java/lambda_function/LambdaFunction.java:[39,19] missing method body, or declare abstract
[ERROR] /home/dord/SPLab/testsPodilizer/podilizer-experiments/results/translated-imageprocessounpackaged/LambdaProjects/unpackaged/Plugin/process1/src/main/java/lambda_function/LambdaFunction.java:[41,19] missing method body, or declare abstract
[INFO] 11 errors 
[INFO] -------------------------------------------------------------
[INFO] ------------------------------------------------------------------------
[INFO] BUILD FAILURE
[INFO] ------------------------------------------------------------------------
[INFO] Total time: 1.189 s
[INFO] Finished at: 2017-01-18T17:36:21+01:00
[INFO] Final Memory: 17M/228M
[INFO] ------------------------------------------------------------------------
[ERROR] Failed to execute goal org.apache.maven.plugins:maven-compiler-plugin:3.2:compile (default-compile) on project lambda-java-example: Compilation failure: Compilation failure:
[ERROR] /home/dord/SPLab/testsPodilizer/podilizer-experiments/results/translated-imageprocessounpackaged/LambdaProjects/unpackaged/Plugin/process1/src/main/java/lambda_function/LambdaFunction.java:[23,1] package unpackaged does not exist
[ERROR] /home/dord/SPLab/testsPodilizer/podilizer-experiments/results/translated-imageprocessounpackaged/LambdaProjects/unpackaged/Plugin/process1/src/main/java/awsl/unpackaged/Plugin/description/InputType.java:[3,1] package unpackaged does not exist
[ERROR] /home/dord/SPLab/testsPodilizer/podilizer-experiments/results/translated-imageprocessounpackaged/LambdaProjects/unpackaged/Plugin/process1/src/main/java/awsl/unpackaged/Plugin/process1/OutputType.java:[3,1] package unpackaged does not exist
[ERROR] /home/dord/SPLab/testsPodilizer/podilizer-experiments/results/translated-imageprocessounpackaged/LambdaProjects/unpackaged/Plugin/process1/src/main/java/lambda_function/InputType.java:[3,1] package unpackaged does not exist
[ERROR] /home/dord/SPLab/testsPodilizer/podilizer-experiments/results/translated-imageprocessounpackaged/LambdaProjects/unpackaged/Plugin/process1/src/main/java/awsl/unpackaged/Plugin/name/OutputType.java:[3,1] package unpackaged does not exist
[ERROR] /home/dord/SPLab/testsPodilizer/podilizer-experiments/results/translated-imageprocessounpackaged/LambdaProjects/unpackaged/Plugin/process1/src/main/java/awsl/unpackaged/Plugin/description/OutputType.java:[3,1] package unpackaged does not exist
[ERROR] /home/dord/SPLab/testsPodilizer/podilizer-experiments/results/translated-imageprocessounpackaged/LambdaProjects/unpackaged/Plugin/process1/src/main/java/awsl/unpackaged/Plugin/name/InputType.java:[3,1] package unpackaged does not exist
[ERROR] /home/dord/SPLab/testsPodilizer/podilizer-experiments/results/translated-imageprocessounpackaged/LambdaProjects/unpackaged/Plugin/process1/src/main/java/awsl/unpackaged/Plugin/process1/InputType.java:[3,1] package unpackaged does not exist
[ERROR] /home/dord/SPLab/testsPodilizer/podilizer-experiments/results/translated-imageprocessounpackaged/LambdaProjects/unpackaged/Plugin/process1/src/main/java/lambda_function/OutputType.java:[3,1] package unpackaged does not exist
[ERROR] /home/dord/SPLab/testsPodilizer/podilizer-experiments/results/translated-imageprocessounpackaged/LambdaProjects/unpackaged/Plugin/process1/src/main/java/lambda_function/LambdaFunction.java:[39,19] missing method body, or declare abstract
[ERROR] /home/dord/SPLab/testsPodilizer/podilizer-experiments/results/translated-imageprocessounpackaged/LambdaProjects/unpackaged/Plugin/process1/src/main/java/lambda_function/LambdaFunction.java:[41,19] missing method body, or declare abstract
[ERROR] -> [Help 1]
[ERROR] 
[ERROR] To see the full stack trace of the errors, re-run Maven with the -e switch.
[ERROR] Re-run Maven using the -X switch to enable full debug logging.
[ERROR] 
[ERROR] For more information about the errors and possible solutions, please read the following articles:
[ERROR] [Help 1] http://cwiki.apache.org/confluence/display/MAVEN/MojoFailureException

---Building finished in 00 min,14 sec,218 millisec---

